<?xml version="1.0" encoding="UTF-8"?>
<testng-results ignored="0" total="36" passed="36" failed="0" skipped="0">
  <reporter-output>
  </reporter-output>
  <suite started-at="2024-02-27T16:02:19 IST" name="Suite" finished-at="2024-02-27T16:14:50 IST" duration-ms="751156">
    <groups>
      <group name="cucumber">
        <method signature="AbstractTestNGCucumberTests.runScenario(io.cucumber.testng.PickleWrapper,io.cucumber.testng.FeatureWrapper)[pri:0, instance:com.displayBookshelves.testRunner.testNGRunner@514646ef]" name="runScenario" class="io.cucumber.testng.AbstractTestNGCucumberTests"/>
      </group> <!-- cucumber -->
    </groups>
    <test started-at="2024-02-27T16:02:19 IST" name="Test" finished-at="2024-02-27T16:14:50 IST" duration-ms="751156">
      <class name="com.displayBookshelves.testRunner.testNGRunner">
        <test-method is-config="true" signature="setUpClass(org.testng.ITestContext)[pri:0, instance:com.displayBookshelves.testRunner.testNGRunner@514646ef]" started-at="2024-02-27T16:02:19 IST" name="setUpClass" finished-at="2024-02-27T16:02:19 IST" duration-ms="767" status="PASS">
          <params>
            <param index="0">
              <value>
                <![CDATA[org.testng.TestRunner@6592f06]]>
              </value>
            </param>
          </params>
          <reporter-output>
          </reporter-output>
        </test-method> <!-- setUpClass -->
        <test-method signature="runScenario(io.cucumber.testng.PickleWrapper,io.cucumber.testng.FeatureWrapper)[pri:0, instance:com.displayBookshelves.testRunner.testNGRunner@514646ef]" started-at="2024-02-27T16:02:19 IST" name="runScenario" description="Runs Cucumber Scenarios" data-provider="scenarios" finished-at="2024-02-27T16:03:01 IST" duration-ms="42015" status="PASS">
          <params>
            <param index="0">
              <value>
                <![CDATA["Display the name & price of first three Bookshelves"]]>
              </value>
            </param>
            <param index="1">
              <value>
                <![CDATA["urbanLadder e2e"]]>
              </value>
            </param>
          </params>
          <reporter-output>
          </reporter-output>
        </test-method> <!-- runScenario -->
        <test-method signature="runScenario(io.cucumber.testng.PickleWrapper,io.cucumber.testng.FeatureWrapper)[pri:0, instance:com.displayBookshelves.testRunner.testNGRunner@514646ef]" started-at="2024-02-27T16:03:01 IST" name="runScenario" description="Runs Cucumber Scenarios" data-provider="scenarios" finished-at="2024-02-27T16:03:20 IST" duration-ms="18826" status="PASS">
          <params>
            <param index="0">
              <value>
                <![CDATA["Display the name & price of first three StudyChairs"]]>
              </value>
            </param>
            <param index="1">
              <value>
                <![CDATA["urbanLadder e2e"]]>
              </value>
            </param>
          </params>
          <reporter-output>
          </reporter-output>
        </test-method> <!-- runScenario -->
        <test-method signature="runScenario(io.cucumber.testng.PickleWrapper,io.cucumber.testng.FeatureWrapper)[pri:0, instance:com.displayBookshelves.testRunner.testNGRunner@514646ef]" started-at="2024-02-27T16:03:20 IST" name="runScenario" description="Runs Cucumber Scenarios" data-provider="scenarios" finished-at="2024-02-27T16:03:33 IST" duration-ms="12926" status="PASS">
          <params>
            <param index="0">
              <value>
                <![CDATA["Display all items under any one of sub-menu items of Living menu item"]]>
              </value>
            </param>
            <param index="1">
              <value>
                <![CDATA["urbanLadder e2e"]]>
              </value>
            </param>
          </params>
          <reporter-output>
          </reporter-output>
        </test-method> <!-- runScenario -->
        <test-method signature="runScenario(io.cucumber.testng.PickleWrapper,io.cucumber.testng.FeatureWrapper)[pri:0, instance:com.displayBookshelves.testRunner.testNGRunner@514646ef]" started-at="2024-02-27T16:03:33 IST" name="runScenario" description="Runs Cucumber Scenarios" data-provider="scenarios" finished-at="2024-02-27T16:03:47 IST" duration-ms="14176" status="PASS">
          <params>
            <param index="0">
              <value>
                <![CDATA["Display all items under any one of sub-menu items of Living menu item"]]>
              </value>
            </param>
            <param index="1">
              <value>
                <![CDATA["urbanLadder e2e"]]>
              </value>
            </param>
          </params>
          <reporter-output>
          </reporter-output>
        </test-method> <!-- runScenario -->
        <test-method signature="runScenario(io.cucumber.testng.PickleWrapper,io.cucumber.testng.FeatureWrapper)[pri:0, instance:com.displayBookshelves.testRunner.testNGRunner@514646ef]" started-at="2024-02-27T16:03:47 IST" name="runScenario" description="Runs Cucumber Scenarios" data-provider="scenarios" finished-at="2024-02-27T16:04:09 IST" duration-ms="21756" status="PASS">
          <params>
            <param index="0">
              <value>
                <![CDATA["Gift Card validation"]]>
              </value>
            </param>
            <param index="1">
              <value>
                <![CDATA["urbanLadder e2e"]]>
              </value>
            </param>
          </params>
          <reporter-output>
          </reporter-output>
        </test-method> <!-- runScenario -->
        <test-method signature="runScenario(io.cucumber.testng.PickleWrapper,io.cucumber.testng.FeatureWrapper)[pri:0, instance:com.displayBookshelves.testRunner.testNGRunner@514646ef]" started-at="2024-02-27T16:04:09 IST" name="runScenario" description="Runs Cucumber Scenarios" data-provider="scenarios" finished-at="2024-02-27T16:04:30 IST" duration-ms="20416" status="PASS">
          <params>
            <param index="0">
              <value>
                <![CDATA["Gift Card validation"]]>
              </value>
            </param>
            <param index="1">
              <value>
                <![CDATA["urbanLadder e2e"]]>
              </value>
            </param>
          </params>
          <reporter-output>
          </reporter-output>
        </test-method> <!-- runScenario -->
        <test-method signature="runScenario(io.cucumber.testng.PickleWrapper,io.cucumber.testng.FeatureWrapper)[pri:0, instance:com.displayBookshelves.testRunner.testNGRunner@514646ef]" started-at="2024-02-27T16:04:30 IST" name="runScenario" description="Runs Cucumber Scenarios" data-provider="scenarios" finished-at="2024-02-27T16:04:50 IST" duration-ms="20258" status="PASS">
          <params>
            <param index="0">
              <value>
                <![CDATA["Gift Card validation"]]>
              </value>
            </param>
            <param index="1">
              <value>
                <![CDATA["urbanLadder e2e"]]>
              </value>
            </param>
          </params>
          <reporter-output>
          </reporter-output>
        </test-method> <!-- runScenario -->
        <test-method signature="runScenario(io.cucumber.testng.PickleWrapper,io.cucumber.testng.FeatureWrapper)[pri:0, instance:com.displayBookshelves.testRunner.testNGRunner@514646ef]" started-at="2024-02-27T16:04:50 IST" name="runScenario" description="Runs Cucumber Scenarios" data-provider="scenarios" finished-at="2024-02-27T16:05:08 IST" duration-ms="17728" status="PASS">
          <params>
            <param index="0">
              <value>
                <![CDATA["navigating to bookshelves page through Explore Our Furniture Range menu"]]>
              </value>
            </param>
            <param index="1">
              <value>
                <![CDATA["Regression suite of UrbanLadder Automation"]]>
              </value>
            </param>
          </params>
          <reporter-output>
          </reporter-output>
        </test-method> <!-- runScenario -->
        <test-method signature="runScenario(io.cucumber.testng.PickleWrapper,io.cucumber.testng.FeatureWrapper)[pri:0, instance:com.displayBookshelves.testRunner.testNGRunner@514646ef]" started-at="2024-02-27T16:05:08 IST" name="runScenario" description="Runs Cucumber Scenarios" data-provider="scenarios" finished-at="2024-02-27T16:05:40 IST" duration-ms="32878" status="PASS">
          <params>
            <param index="0">
              <value>
                <![CDATA["navigating to bookshelves page through study room furniture"]]>
              </value>
            </param>
            <param index="1">
              <value>
                <![CDATA["Regression suite of UrbanLadder Automation"]]>
              </value>
            </param>
          </params>
          <reporter-output>
          </reporter-output>
        </test-method> <!-- runScenario -->
        <test-method signature="runScenario(io.cucumber.testng.PickleWrapper,io.cucumber.testng.FeatureWrapper)[pri:0, instance:com.displayBookshelves.testRunner.testNGRunner@514646ef]" started-at="2024-02-27T16:05:40 IST" name="runScenario" description="Runs Cucumber Scenarios" data-provider="scenarios" finished-at="2024-02-27T16:06:10 IST" duration-ms="29619" status="PASS">
          <params>
            <param index="0">
              <value>
                <![CDATA["navigating to study chairs page through study room furniture"]]>
              </value>
            </param>
            <param index="1">
              <value>
                <![CDATA["Regression suite of UrbanLadder Automation"]]>
              </value>
            </param>
          </params>
          <reporter-output>
          </reporter-output>
        </test-method> <!-- runScenario -->
        <test-method signature="runScenario(io.cucumber.testng.PickleWrapper,io.cucumber.testng.FeatureWrapper)[pri:0, instance:com.displayBookshelves.testRunner.testNGRunner@514646ef]" started-at="2024-02-27T16:06:10 IST" name="runScenario" description="Runs Cucumber Scenarios" data-provider="scenarios" finished-at="2024-02-27T16:06:26 IST" duration-ms="16442" status="PASS">
          <params>
            <param index="0">
              <value>
                <![CDATA["Checking search functionality"]]>
              </value>
            </param>
            <param index="1">
              <value>
                <![CDATA["Regression suite of UrbanLadder Automation"]]>
              </value>
            </param>
          </params>
          <reporter-output>
          </reporter-output>
        </test-method> <!-- runScenario -->
        <test-method signature="runScenario(io.cucumber.testng.PickleWrapper,io.cucumber.testng.FeatureWrapper)[pri:0, instance:com.displayBookshelves.testRunner.testNGRunner@514646ef]" started-at="2024-02-27T16:06:26 IST" name="runScenario" description="Runs Cucumber Scenarios" data-provider="scenarios" finished-at="2024-02-27T16:06:43 IST" duration-ms="16945" status="PASS">
          <params>
            <param index="0">
              <value>
                <![CDATA["Check track order functionality"]]>
              </value>
            </param>
            <param index="1">
              <value>
                <![CDATA["Regression suite of UrbanLadder Automation"]]>
              </value>
            </param>
          </params>
          <reporter-output>
          </reporter-output>
        </test-method> <!-- runScenario -->
        <test-method signature="runScenario(io.cucumber.testng.PickleWrapper,io.cucumber.testng.FeatureWrapper)[pri:0, instance:com.displayBookshelves.testRunner.testNGRunner@514646ef]" started-at="2024-02-27T16:06:43 IST" name="runScenario" description="Runs Cucumber Scenarios" data-provider="scenarios" finished-at="2024-02-27T16:06:57 IST" duration-ms="13828" status="PASS">
          <params>
            <param index="0">
              <value>
                <![CDATA["Check Wishlist functionality"]]>
              </value>
            </param>
            <param index="1">
              <value>
                <![CDATA["Regression suite of UrbanLadder Automation"]]>
              </value>
            </param>
          </params>
          <reporter-output>
          </reporter-output>
        </test-method> <!-- runScenario -->
        <test-method signature="runScenario(io.cucumber.testng.PickleWrapper,io.cucumber.testng.FeatureWrapper)[pri:0, instance:com.displayBookshelves.testRunner.testNGRunner@514646ef]" started-at="2024-02-27T16:06:57 IST" name="runScenario" description="Runs Cucumber Scenarios" data-provider="scenarios" finished-at="2024-02-27T16:07:11 IST" duration-ms="13606" status="PASS">
          <params>
            <param index="0">
              <value>
                <![CDATA["Check cart functionality"]]>
              </value>
            </param>
            <param index="1">
              <value>
                <![CDATA["Regression suite of UrbanLadder Automation"]]>
              </value>
            </param>
          </params>
          <reporter-output>
          </reporter-output>
        </test-method> <!-- runScenario -->
        <test-method signature="runScenario(io.cucumber.testng.PickleWrapper,io.cucumber.testng.FeatureWrapper)[pri:0, instance:com.displayBookshelves.testRunner.testNGRunner@514646ef]" started-at="2024-02-27T16:07:11 IST" name="runScenario" description="Runs Cucumber Scenarios" data-provider="scenarios" finished-at="2024-02-27T16:07:30 IST" duration-ms="19456" status="PASS">
          <params>
            <param index="0">
              <value>
                <![CDATA["Check the material filter functionality"]]>
              </value>
            </param>
            <param index="1">
              <value>
                <![CDATA["Regression suite of UrbanLadder Automation"]]>
              </value>
            </param>
          </params>
          <reporter-output>
          </reporter-output>
        </test-method> <!-- runScenario -->
        <test-method signature="runScenario(io.cucumber.testng.PickleWrapper,io.cucumber.testng.FeatureWrapper)[pri:0, instance:com.displayBookshelves.testRunner.testNGRunner@514646ef]" started-at="2024-02-27T16:07:30 IST" name="runScenario" description="Runs Cucumber Scenarios" data-provider="scenarios" finished-at="2024-02-27T16:07:50 IST" duration-ms="19529" status="PASS">
          <params>
            <param index="0">
              <value>
                <![CDATA["Check the material filter functionality"]]>
              </value>
            </param>
            <param index="1">
              <value>
                <![CDATA["Regression suite of UrbanLadder Automation"]]>
              </value>
            </param>
          </params>
          <reporter-output>
          </reporter-output>
        </test-method> <!-- runScenario -->
        <test-method signature="runScenario(io.cucumber.testng.PickleWrapper,io.cucumber.testng.FeatureWrapper)[pri:0, instance:com.displayBookshelves.testRunner.testNGRunner@514646ef]" started-at="2024-02-27T16:07:50 IST" name="runScenario" description="Runs Cucumber Scenarios" data-provider="scenarios" finished-at="2024-02-27T16:08:10 IST" duration-ms="19723" status="PASS">
          <params>
            <param index="0">
              <value>
                <![CDATA["Check the material filter functionality"]]>
              </value>
            </param>
            <param index="1">
              <value>
                <![CDATA["Regression suite of UrbanLadder Automation"]]>
              </value>
            </param>
          </params>
          <reporter-output>
          </reporter-output>
        </test-method> <!-- runScenario -->
        <test-method signature="runScenario(io.cucumber.testng.PickleWrapper,io.cucumber.testng.FeatureWrapper)[pri:0, instance:com.displayBookshelves.testRunner.testNGRunner@514646ef]" started-at="2024-02-27T16:08:10 IST" name="runScenario" description="Runs Cucumber Scenarios" data-provider="scenarios" finished-at="2024-02-27T16:08:29 IST" duration-ms="19227" status="PASS">
          <params>
            <param index="0">
              <value>
                <![CDATA["Check the brand filter functionality"]]>
              </value>
            </param>
            <param index="1">
              <value>
                <![CDATA["Regression suite of UrbanLadder Automation"]]>
              </value>
            </param>
          </params>
          <reporter-output>
          </reporter-output>
        </test-method> <!-- runScenario -->
        <test-method signature="runScenario(io.cucumber.testng.PickleWrapper,io.cucumber.testng.FeatureWrapper)[pri:0, instance:com.displayBookshelves.testRunner.testNGRunner@514646ef]" started-at="2024-02-27T16:08:29 IST" name="runScenario" description="Runs Cucumber Scenarios" data-provider="scenarios" finished-at="2024-02-27T16:08:49 IST" duration-ms="19809" status="PASS">
          <params>
            <param index="0">
              <value>
                <![CDATA["Check the brand filter functionality"]]>
              </value>
            </param>
            <param index="1">
              <value>
                <![CDATA["Regression suite of UrbanLadder Automation"]]>
              </value>
            </param>
          </params>
          <reporter-output>
          </reporter-output>
        </test-method> <!-- runScenario -->
        <test-method signature="runScenario(io.cucumber.testng.PickleWrapper,io.cucumber.testng.FeatureWrapper)[pri:0, instance:com.displayBookshelves.testRunner.testNGRunner@514646ef]" started-at="2024-02-27T16:08:49 IST" name="runScenario" description="Runs Cucumber Scenarios" data-provider="scenarios" finished-at="2024-02-27T16:09:08 IST" duration-ms="19627" status="PASS">
          <params>
            <param index="0">
              <value>
                <![CDATA["Check the brand filter functionality"]]>
              </value>
            </param>
            <param index="1">
              <value>
                <![CDATA["Regression suite of UrbanLadder Automation"]]>
              </value>
            </param>
          </params>
          <reporter-output>
          </reporter-output>
        </test-method> <!-- runScenario -->
        <test-method signature="runScenario(io.cucumber.testng.PickleWrapper,io.cucumber.testng.FeatureWrapper)[pri:0, instance:com.displayBookshelves.testRunner.testNGRunner@514646ef]" started-at="2024-02-27T16:09:08 IST" name="runScenario" description="Runs Cucumber Scenarios" data-provider="scenarios" finished-at="2024-02-27T16:09:32 IST" duration-ms="23363" status="PASS">
          <params>
            <param index="0">
              <value>
                <![CDATA["Check the sort by functionality"]]>
              </value>
            </param>
            <param index="1">
              <value>
                <![CDATA["Regression suite of UrbanLadder Automation"]]>
              </value>
            </param>
          </params>
          <reporter-output>
          </reporter-output>
        </test-method> <!-- runScenario -->
        <test-method signature="runScenario(io.cucumber.testng.PickleWrapper,io.cucumber.testng.FeatureWrapper)[pri:0, instance:com.displayBookshelves.testRunner.testNGRunner@514646ef]" started-at="2024-02-27T16:09:32 IST" name="runScenario" description="Runs Cucumber Scenarios" data-provider="scenarios" finished-at="2024-02-27T16:09:57 IST" duration-ms="25533" status="PASS">
          <params>
            <param index="0">
              <value>
                <![CDATA["Check the sort by functionality"]]>
              </value>
            </param>
            <param index="1">
              <value>
                <![CDATA["Regression suite of UrbanLadder Automation"]]>
              </value>
            </param>
          </params>
          <reporter-output>
          </reporter-output>
        </test-method> <!-- runScenario -->
        <test-method signature="runScenario(io.cucumber.testng.PickleWrapper,io.cucumber.testng.FeatureWrapper)[pri:0, instance:com.displayBookshelves.testRunner.testNGRunner@514646ef]" started-at="2024-02-27T16:09:57 IST" name="runScenario" description="Runs Cucumber Scenarios" data-provider="scenarios" finished-at="2024-02-27T16:10:21 IST" duration-ms="23533" status="PASS">
          <params>
            <param index="0">
              <value>
                <![CDATA["Check the sort by functionality"]]>
              </value>
            </param>
            <param index="1">
              <value>
                <![CDATA["Regression suite of UrbanLadder Automation"]]>
              </value>
            </param>
          </params>
          <reporter-output>
          </reporter-output>
        </test-method> <!-- runScenario -->
        <test-method signature="runScenario(io.cucumber.testng.PickleWrapper,io.cucumber.testng.FeatureWrapper)[pri:0, instance:com.displayBookshelves.testRunner.testNGRunner@514646ef]" started-at="2024-02-27T16:10:21 IST" name="runScenario" description="Runs Cucumber Scenarios" data-provider="scenarios" finished-at="2024-02-27T16:10:40 IST" duration-ms="18912" status="PASS">
          <params>
            <param index="0">
              <value>
                <![CDATA["navigating to Bookshelves page"]]>
              </value>
            </param>
            <param index="1">
              <value>
                <![CDATA["Smoke suite of UrbanLadder Automation"]]>
              </value>
            </param>
          </params>
          <reporter-output>
          </reporter-output>
        </test-method> <!-- runScenario -->
        <test-method signature="runScenario(io.cucumber.testng.PickleWrapper,io.cucumber.testng.FeatureWrapper)[pri:0, instance:com.displayBookshelves.testRunner.testNGRunner@514646ef]" started-at="2024-02-27T16:10:40 IST" name="runScenario" description="Runs Cucumber Scenarios" data-provider="scenarios" finished-at="2024-02-27T16:11:18 IST" duration-ms="38705" status="PASS">
          <params>
            <param index="0">
              <value>
                <![CDATA["Applying filters on bookshelves"]]>
              </value>
            </param>
            <param index="1">
              <value>
                <![CDATA["Smoke suite of UrbanLadder Automation"]]>
              </value>
            </param>
          </params>
          <reporter-output>
          </reporter-output>
        </test-method> <!-- runScenario -->
        <test-method signature="runScenario(io.cucumber.testng.PickleWrapper,io.cucumber.testng.FeatureWrapper)[pri:0, instance:com.displayBookshelves.testRunner.testNGRunner@514646ef]" started-at="2024-02-27T16:11:18 IST" name="runScenario" description="Runs Cucumber Scenarios" data-provider="scenarios" finished-at="2024-02-27T16:11:34 IST" duration-ms="15800" status="PASS">
          <params>
            <param index="0">
              <value>
                <![CDATA["Navigate to Studychairs Page"]]>
              </value>
            </param>
            <param index="1">
              <value>
                <![CDATA["Smoke suite of UrbanLadder Automation"]]>
              </value>
            </param>
          </params>
          <reporter-output>
          </reporter-output>
        </test-method> <!-- runScenario -->
        <test-method signature="runScenario(io.cucumber.testng.PickleWrapper,io.cucumber.testng.FeatureWrapper)[pri:0, instance:com.displayBookshelves.testRunner.testNGRunner@514646ef]" started-at="2024-02-27T16:11:34 IST" name="runScenario" description="Runs Cucumber Scenarios" data-provider="scenarios" finished-at="2024-02-27T16:11:50 IST" duration-ms="15416" status="PASS">
          <params>
            <param index="0">
              <value>
                <![CDATA["Get all items under any one of sub-menu items of Living menu item"]]>
              </value>
            </param>
            <param index="1">
              <value>
                <![CDATA["Smoke suite of UrbanLadder Automation"]]>
              </value>
            </param>
          </params>
          <reporter-output>
          </reporter-output>
        </test-method> <!-- runScenario -->
        <test-method signature="runScenario(io.cucumber.testng.PickleWrapper,io.cucumber.testng.FeatureWrapper)[pri:0, instance:com.displayBookshelves.testRunner.testNGRunner@514646ef]" started-at="2024-02-27T16:11:50 IST" name="runScenario" description="Runs Cucumber Scenarios" data-provider="scenarios" finished-at="2024-02-27T16:12:04 IST" duration-ms="14687" status="PASS">
          <params>
            <param index="0">
              <value>
                <![CDATA["Get all items under any one of sub-menu items of Living menu item"]]>
              </value>
            </param>
            <param index="1">
              <value>
                <![CDATA["Smoke suite of UrbanLadder Automation"]]>
              </value>
            </param>
          </params>
          <reporter-output>
          </reporter-output>
        </test-method> <!-- runScenario -->
        <test-method signature="runScenario(io.cucumber.testng.PickleWrapper,io.cucumber.testng.FeatureWrapper)[pri:0, instance:com.displayBookshelves.testRunner.testNGRunner@514646ef]" started-at="2024-02-27T16:12:04 IST" name="runScenario" description="Runs Cucumber Scenarios" data-provider="scenarios" finished-at="2024-02-27T16:12:23 IST" duration-ms="18589" status="PASS">
          <params>
            <param index="0">
              <value>
                <![CDATA["Navigate to Giftcards page"]]>
              </value>
            </param>
            <param index="1">
              <value>
                <![CDATA["Smoke suite of UrbanLadder Automation"]]>
              </value>
            </param>
          </params>
          <reporter-output>
          </reporter-output>
        </test-method> <!-- runScenario -->
        <test-method signature="runScenario(io.cucumber.testng.PickleWrapper,io.cucumber.testng.FeatureWrapper)[pri:0, instance:com.displayBookshelves.testRunner.testNGRunner@514646ef]" started-at="2024-02-27T16:12:23 IST" name="runScenario" description="Runs Cucumber Scenarios" data-provider="scenarios" finished-at="2024-02-27T16:12:40 IST" duration-ms="17080" status="PASS">
          <params>
            <param index="0">
              <value>
                <![CDATA["Choose an occasion"]]>
              </value>
            </param>
            <param index="1">
              <value>
                <![CDATA["Smoke suite of UrbanLadder Automation"]]>
              </value>
            </param>
          </params>
          <reporter-output>
          </reporter-output>
        </test-method> <!-- runScenario -->
        <test-method signature="runScenario(io.cucumber.testng.PickleWrapper,io.cucumber.testng.FeatureWrapper)[pri:0, instance:com.displayBookshelves.testRunner.testNGRunner@514646ef]" started-at="2024-02-27T16:12:40 IST" name="runScenario" description="Runs Cucumber Scenarios" data-provider="scenarios" finished-at="2024-02-27T16:12:58 IST" duration-ms="17759" status="PASS">
          <params>
            <param index="0">
              <value>
                <![CDATA["Customize the gift card with valid amount"]]>
              </value>
            </param>
            <param index="1">
              <value>
                <![CDATA["Smoke suite of UrbanLadder Automation"]]>
              </value>
            </param>
          </params>
          <reporter-output>
          </reporter-output>
        </test-method> <!-- runScenario -->
        <test-method signature="runScenario(io.cucumber.testng.PickleWrapper,io.cucumber.testng.FeatureWrapper)[pri:0, instance:com.displayBookshelves.testRunner.testNGRunner@514646ef]" started-at="2024-02-27T16:12:58 IST" name="runScenario" description="Runs Cucumber Scenarios" data-provider="scenarios" finished-at="2024-02-27T16:13:17 IST" duration-ms="19802" status="PASS">
          <params>
            <param index="0">
              <value>
                <![CDATA["Customize the gift card with valid amount"]]>
              </value>
            </param>
            <param index="1">
              <value>
                <![CDATA["Smoke suite of UrbanLadder Automation"]]>
              </value>
            </param>
          </params>
          <reporter-output>
          </reporter-output>
        </test-method> <!-- runScenario -->
        <test-method signature="runScenario(io.cucumber.testng.PickleWrapper,io.cucumber.testng.FeatureWrapper)[pri:0, instance:com.displayBookshelves.testRunner.testNGRunner@514646ef]" started-at="2024-02-27T16:13:17 IST" name="runScenario" description="Runs Cucumber Scenarios" data-provider="scenarios" finished-at="2024-02-27T16:13:36 IST" duration-ms="18473" status="PASS">
          <params>
            <param index="0">
              <value>
                <![CDATA["Customize the gift card with valid amount"]]>
              </value>
            </param>
            <param index="1">
              <value>
                <![CDATA["Smoke suite of UrbanLadder Automation"]]>
              </value>
            </param>
          </params>
          <reporter-output>
          </reporter-output>
        </test-method> <!-- runScenario -->
        <test-method signature="runScenario(io.cucumber.testng.PickleWrapper,io.cucumber.testng.FeatureWrapper)[pri:0, instance:com.displayBookshelves.testRunner.testNGRunner@514646ef]" started-at="2024-02-27T16:13:36 IST" name="runScenario" description="Runs Cucumber Scenarios" data-provider="scenarios" finished-at="2024-02-27T16:13:57 IST" duration-ms="21166" status="PASS">
          <params>
            <param index="0">
              <value>
                <![CDATA["Filling the form with from and to details"]]>
              </value>
            </param>
            <param index="1">
              <value>
                <![CDATA["Smoke suite of UrbanLadder Automation"]]>
              </value>
            </param>
          </params>
          <reporter-output>
          </reporter-output>
        </test-method> <!-- runScenario -->
        <test-method signature="runScenario(io.cucumber.testng.PickleWrapper,io.cucumber.testng.FeatureWrapper)[pri:0, instance:com.displayBookshelves.testRunner.testNGRunner@514646ef]" started-at="2024-02-27T16:13:57 IST" name="runScenario" description="Runs Cucumber Scenarios" data-provider="scenarios" finished-at="2024-02-27T16:14:18 IST" duration-ms="21306" status="PASS">
          <params>
            <param index="0">
              <value>
                <![CDATA["Filling the form with from and to details"]]>
              </value>
            </param>
            <param index="1">
              <value>
                <![CDATA["Smoke suite of UrbanLadder Automation"]]>
              </value>
            </param>
          </params>
          <reporter-output>
          </reporter-output>
        </test-method> <!-- runScenario -->
        <test-method signature="runScenario(io.cucumber.testng.PickleWrapper,io.cucumber.testng.FeatureWrapper)[pri:0, instance:com.displayBookshelves.testRunner.testNGRunner@514646ef]" started-at="2024-02-27T16:14:18 IST" name="runScenario" description="Runs Cucumber Scenarios" data-provider="scenarios" finished-at="2024-02-27T16:14:43 IST" duration-ms="24865" status="PASS">
          <params>
            <param index="0">
              <value>
                <![CDATA["Filling the form with from and to details"]]>
              </value>
            </param>
            <param index="1">
              <value>
                <![CDATA["Smoke suite of UrbanLadder Automation"]]>
              </value>
            </param>
          </params>
          <reporter-output>
          </reporter-output>
        </test-method> <!-- runScenario -->
        <test-method is-config="true" signature="tearDownClass()[pri:0, instance:com.displayBookshelves.testRunner.testNGRunner@514646ef]" started-at="2024-02-27T16:14:43 IST" name="tearDownClass" finished-at="2024-02-27T16:14:50 IST" duration-ms="6544" status="PASS">
          <reporter-output>
          </reporter-output>
        </test-method> <!-- tearDownClass -->
      </class> <!-- com.displayBookshelves.testRunner.testNGRunner -->
    </test> <!-- Test -->
  </suite> <!-- Suite -->
</testng-results>
