<?xml version="1.0" encoding="UTF-8"?>
<testng-results ignored="0" total="14" passed="14" failed="0" skipped="0">
  <reporter-output>
  </reporter-output>
  <suite started-at="2024-02-29T14:49:56 IST" name="Suite" finished-at="2024-02-29T14:58:01 IST" duration-ms="485640">
    <groups>
      <group name="cucumber">
        <method signature="AbstractTestNGCucumberTests.runScenario(io.cucumber.testng.PickleWrapper,io.cucumber.testng.FeatureWrapper)[pri:0, instance:com.urbanLadder.testRunner.testNGRunner@6cb107fd]" name="runScenario" class="io.cucumber.testng.AbstractTestNGCucumberTests"/>
        <method signature="AbstractTestNGCucumberTests.runScenario(io.cucumber.testng.PickleWrapper,io.cucumber.testng.FeatureWrapper)[pri:0, instance:com.urbanLadder.testRunner.testNGRunner@20b2475a]" name="runScenario" class="io.cucumber.testng.AbstractTestNGCucumberTests"/>
      </group> <!-- cucumber -->
    </groups>
    <test started-at="2024-02-29T14:49:56 IST" name="Test1" finished-at="2024-02-29T14:53:52 IST" duration-ms="236678">
      <class name="com.urbanLadder.testRunner.testNGRunner">
        <test-method is-config="true" signature="setUpClass(org.testng.ITestContext)[pri:0, instance:com.urbanLadder.testRunner.testNGRunner@6cb107fd]" started-at="2024-02-29T14:49:56 IST" name="setUpClass" finished-at="2024-02-29T14:49:56 IST" duration-ms="926" status="PASS">
          <params>
            <param index="0">
              <value>
                <![CDATA[org.testng.TestRunner@6b71fded]]>
              </value>
            </param>
          </params>
          <reporter-output>
          </reporter-output>
        </test-method> <!-- setUpClass -->
        <test-method is-config="true" signature="setup(java.lang.String)[pri:0, instance:com.urbanLadder.testRunner.testNGRunner@6cb107fd]" started-at="2024-02-29T14:49:56 IST" name="setup" finished-at="2024-02-29T14:50:04 IST" duration-ms="7649" status="PASS">
          <params>
            <param index="0">
              <value>
                <![CDATA[chrome]]>
              </value>
            </param>
          </params>
          <reporter-output>
          </reporter-output>
        </test-method> <!-- setup -->
        <test-method signature="runScenario(io.cucumber.testng.PickleWrapper,io.cucumber.testng.FeatureWrapper)[pri:0, instance:com.urbanLadder.testRunner.testNGRunner@6cb107fd]" started-at="2024-02-29T14:50:04 IST" name="runScenario" description="Runs Cucumber Scenarios" data-provider="scenarios" finished-at="2024-02-29T14:50:33 IST" duration-ms="28429" status="PASS">
          <params>
            <param index="0">
              <value>
                <![CDATA["User validate and retrieve the name and price of first three Bookshelves on the Booksheleves page"]]>
              </value>
            </param>
            <param index="1">
              <value>
                <![CDATA["End to End of UrbanLadder Automation"]]>
              </value>
            </param>
          </params>
          <reporter-output>
          </reporter-output>
        </test-method> <!-- runScenario -->
        <test-method is-config="true" signature="tearDown()[pri:0, instance:com.urbanLadder.testRunner.testNGRunner@6cb107fd]" started-at="2024-02-29T14:50:33 IST" name="tearDown" finished-at="2024-02-29T14:50:34 IST" duration-ms="1183" status="PASS">
          <reporter-output>
          </reporter-output>
        </test-method> <!-- tearDown -->
        <test-method is-config="true" signature="setup(java.lang.String)[pri:0, instance:com.urbanLadder.testRunner.testNGRunner@6cb107fd]" started-at="2024-02-29T14:50:34 IST" name="setup" finished-at="2024-02-29T14:50:47 IST" duration-ms="13035" status="PASS">
          <params>
            <param index="0">
              <value>
                <![CDATA[chrome]]>
              </value>
            </param>
          </params>
          <reporter-output>
          </reporter-output>
        </test-method> <!-- setup -->
        <test-method signature="runScenario(io.cucumber.testng.PickleWrapper,io.cucumber.testng.FeatureWrapper)[pri:0, instance:com.urbanLadder.testRunner.testNGRunner@6cb107fd]" started-at="2024-02-29T14:50:47 IST" name="runScenario" description="Runs Cucumber Scenarios" data-provider="scenarios" finished-at="2024-02-29T14:50:56 IST" duration-ms="9253" status="PASS">
          <params>
            <param index="0">
              <value>
                <![CDATA["User validate and retrieve the name and price of first three StudyChairs on StudyChairs page"]]>
              </value>
            </param>
            <param index="1">
              <value>
                <![CDATA["End to End of UrbanLadder Automation"]]>
              </value>
            </param>
          </params>
          <reporter-output>
          </reporter-output>
        </test-method> <!-- runScenario -->
        <test-method is-config="true" signature="tearDown()[pri:0, instance:com.urbanLadder.testRunner.testNGRunner@6cb107fd]" started-at="2024-02-29T14:50:56 IST" name="tearDown" finished-at="2024-02-29T14:50:57 IST" duration-ms="1100" status="PASS">
          <reporter-output>
          </reporter-output>
        </test-method> <!-- tearDown -->
        <test-method is-config="true" signature="setup(java.lang.String)[pri:0, instance:com.urbanLadder.testRunner.testNGRunner@6cb107fd]" started-at="2024-02-29T14:50:57 IST" name="setup" finished-at="2024-02-29T14:51:06 IST" duration-ms="8995" status="PASS">
          <params>
            <param index="0">
              <value>
                <![CDATA[chrome]]>
              </value>
            </param>
          </params>
          <reporter-output>
          </reporter-output>
        </test-method> <!-- setup -->
        <test-method signature="runScenario(io.cucumber.testng.PickleWrapper,io.cucumber.testng.FeatureWrapper)[pri:0, instance:com.urbanLadder.testRunner.testNGRunner@6cb107fd]" started-at="2024-02-29T14:51:06 IST" name="runScenario" description="Runs Cucumber Scenarios" data-provider="scenarios" finished-at="2024-02-29T14:51:08 IST" duration-ms="2074" status="PASS">
          <params>
            <param index="0">
              <value>
                <![CDATA["Display all items under any one of sub-menu items of Living menu item"]]>
              </value>
            </param>
            <param index="1">
              <value>
                <![CDATA["End to End of UrbanLadder Automation"]]>
              </value>
            </param>
          </params>
          <reporter-output>
          </reporter-output>
        </test-method> <!-- runScenario -->
        <test-method is-config="true" signature="tearDown()[pri:0, instance:com.urbanLadder.testRunner.testNGRunner@6cb107fd]" started-at="2024-02-29T14:51:08 IST" name="tearDown" finished-at="2024-02-29T14:51:09 IST" duration-ms="1124" status="PASS">
          <reporter-output>
          </reporter-output>
        </test-method> <!-- tearDown -->
        <test-method is-config="true" signature="setup(java.lang.String)[pri:0, instance:com.urbanLadder.testRunner.testNGRunner@6cb107fd]" started-at="2024-02-29T14:51:09 IST" name="setup" finished-at="2024-02-29T14:51:15 IST" duration-ms="5587" status="PASS">
          <params>
            <param index="0">
              <value>
                <![CDATA[chrome]]>
              </value>
            </param>
          </params>
          <reporter-output>
          </reporter-output>
        </test-method> <!-- setup -->
        <test-method signature="runScenario(io.cucumber.testng.PickleWrapper,io.cucumber.testng.FeatureWrapper)[pri:0, instance:com.urbanLadder.testRunner.testNGRunner@6cb107fd]" started-at="2024-02-29T14:51:15 IST" name="runScenario" description="Runs Cucumber Scenarios" data-provider="scenarios" finished-at="2024-02-29T14:51:19 IST" duration-ms="3634" status="PASS">
          <params>
            <param index="0">
              <value>
                <![CDATA["Display all items under any one of sub-menu items of Living menu item"]]>
              </value>
            </param>
            <param index="1">
              <value>
                <![CDATA["End to End of UrbanLadder Automation"]]>
              </value>
            </param>
          </params>
          <reporter-output>
          </reporter-output>
        </test-method> <!-- runScenario -->
        <test-method is-config="true" signature="tearDown()[pri:0, instance:com.urbanLadder.testRunner.testNGRunner@6cb107fd]" started-at="2024-02-29T14:51:19 IST" name="tearDown" finished-at="2024-02-29T14:51:20 IST" duration-ms="1155" status="PASS">
          <reporter-output>
          </reporter-output>
        </test-method> <!-- tearDown -->
        <test-method is-config="true" signature="setup(java.lang.String)[pri:0, instance:com.urbanLadder.testRunner.testNGRunner@6cb107fd]" started-at="2024-02-29T14:51:20 IST" name="setup" finished-at="2024-02-29T14:51:26 IST" duration-ms="6561" status="PASS">
          <params>
            <param index="0">
              <value>
                <![CDATA[chrome]]>
              </value>
            </param>
          </params>
          <reporter-output>
          </reporter-output>
        </test-method> <!-- setup -->
        <test-method signature="runScenario(io.cucumber.testng.PickleWrapper,io.cucumber.testng.FeatureWrapper)[pri:0, instance:com.urbanLadder.testRunner.testNGRunner@6cb107fd]" started-at="2024-02-29T14:51:26 IST" name="runScenario" description="Runs Cucumber Scenarios" data-provider="scenarios" finished-at="2024-02-29T14:51:37 IST" duration-ms="10708" status="PASS">
          <params>
            <param index="0">
              <value>
                <![CDATA["Gift Card validation"]]>
              </value>
            </param>
            <param index="1">
              <value>
                <![CDATA["End to End of UrbanLadder Automation"]]>
              </value>
            </param>
          </params>
          <reporter-output>
          </reporter-output>
        </test-method> <!-- runScenario -->
        <test-method is-config="true" signature="tearDown()[pri:0, instance:com.urbanLadder.testRunner.testNGRunner@6cb107fd]" started-at="2024-02-29T14:51:37 IST" name="tearDown" finished-at="2024-02-29T14:51:38 IST" duration-ms="1235" status="PASS">
          <reporter-output>
          </reporter-output>
        </test-method> <!-- tearDown -->
        <test-method is-config="true" signature="setup(java.lang.String)[pri:0, instance:com.urbanLadder.testRunner.testNGRunner@6cb107fd]" started-at="2024-02-29T14:51:38 IST" name="setup" finished-at="2024-02-29T14:51:44 IST" duration-ms="5758" status="PASS">
          <params>
            <param index="0">
              <value>
                <![CDATA[chrome]]>
              </value>
            </param>
          </params>
          <reporter-output>
          </reporter-output>
        </test-method> <!-- setup -->
        <test-method signature="runScenario(io.cucumber.testng.PickleWrapper,io.cucumber.testng.FeatureWrapper)[pri:0, instance:com.urbanLadder.testRunner.testNGRunner@6cb107fd]" started-at="2024-02-29T14:51:44 IST" name="runScenario" description="Runs Cucumber Scenarios" data-provider="scenarios" finished-at="2024-02-29T14:52:00 IST" duration-ms="15667" status="PASS">
          <params>
            <param index="0">
              <value>
                <![CDATA["Gift Card validation"]]>
              </value>
            </param>
            <param index="1">
              <value>
                <![CDATA["End to End of UrbanLadder Automation"]]>
              </value>
            </param>
          </params>
          <reporter-output>
          </reporter-output>
        </test-method> <!-- runScenario -->
        <test-method is-config="true" signature="tearDown()[pri:0, instance:com.urbanLadder.testRunner.testNGRunner@6cb107fd]" started-at="2024-02-29T14:52:00 IST" name="tearDown" finished-at="2024-02-29T14:52:01 IST" duration-ms="1218" status="PASS">
          <reporter-output>
          </reporter-output>
        </test-method> <!-- tearDown -->
        <test-method is-config="true" signature="setup(java.lang.String)[pri:0, instance:com.urbanLadder.testRunner.testNGRunner@6cb107fd]" started-at="2024-02-29T14:52:01 IST" name="setup" finished-at="2024-02-29T14:52:09 IST" duration-ms="8060" status="PASS">
          <params>
            <param index="0">
              <value>
                <![CDATA[chrome]]>
              </value>
            </param>
          </params>
          <reporter-output>
          </reporter-output>
        </test-method> <!-- setup -->
        <test-method signature="runScenario(io.cucumber.testng.PickleWrapper,io.cucumber.testng.FeatureWrapper)[pri:0, instance:com.urbanLadder.testRunner.testNGRunner@6cb107fd]" started-at="2024-02-29T14:52:09 IST" name="runScenario" description="Runs Cucumber Scenarios" data-provider="scenarios" finished-at="2024-02-29T14:52:21 IST" duration-ms="12363" status="PASS">
          <params>
            <param index="0">
              <value>
                <![CDATA["Gift Card validation"]]>
              </value>
            </param>
            <param index="1">
              <value>
                <![CDATA["End to End of UrbanLadder Automation"]]>
              </value>
            </param>
          </params>
          <reporter-output>
          </reporter-output>
        </test-method> <!-- runScenario -->
        <test-method is-config="true" signature="tearDown()[pri:0, instance:com.urbanLadder.testRunner.testNGRunner@6cb107fd]" started-at="2024-02-29T14:52:21 IST" name="tearDown" finished-at="2024-02-29T14:52:22 IST" duration-ms="1185" status="PASS">
          <reporter-output>
          </reporter-output>
        </test-method> <!-- tearDown -->
        <test-method is-config="true" signature="tearDownClass()[pri:0, instance:com.urbanLadder.testRunner.testNGRunner@6cb107fd]" started-at="2024-02-29T14:52:22 IST" name="tearDownClass" finished-at="2024-02-29T14:53:52 IST" duration-ms="89707" status="PASS">
          <reporter-output>
          </reporter-output>
        </test-method> <!-- tearDownClass -->
      </class> <!-- com.urbanLadder.testRunner.testNGRunner -->
    </test> <!-- Test1 -->
    <test started-at="2024-02-29T14:53:52 IST" name="Test2" finished-at="2024-02-29T14:58:01 IST" duration-ms="248926">
      <class name="com.urbanLadder.testRunner.testNGRunner">
        <test-method is-config="true" signature="setUpClass(org.testng.ITestContext)[pri:0, instance:com.urbanLadder.testRunner.testNGRunner@20b2475a]" started-at="2024-02-29T14:53:52 IST" name="setUpClass" finished-at="2024-02-29T14:53:52 IST" duration-ms="35" status="PASS">
          <params>
            <param index="0">
              <value>
                <![CDATA[org.testng.TestRunner@1633962a]]>
              </value>
            </param>
          </params>
          <reporter-output>
          </reporter-output>
        </test-method> <!-- setUpClass -->
        <test-method is-config="true" signature="setup(java.lang.String)[pri:0, instance:com.urbanLadder.testRunner.testNGRunner@20b2475a]" started-at="2024-02-29T14:53:52 IST" name="setup" finished-at="2024-02-29T14:54:03 IST" duration-ms="10676" status="PASS">
          <params>
            <param index="0">
              <value>
                <![CDATA[edge]]>
              </value>
            </param>
          </params>
          <reporter-output>
          </reporter-output>
        </test-method> <!-- setup -->
        <test-method signature="runScenario(io.cucumber.testng.PickleWrapper,io.cucumber.testng.FeatureWrapper)[pri:0, instance:com.urbanLadder.testRunner.testNGRunner@20b2475a]" started-at="2024-02-29T14:54:03 IST" name="runScenario" description="Runs Cucumber Scenarios" data-provider="scenarios" finished-at="2024-02-29T14:54:29 IST" duration-ms="26523" status="PASS">
          <params>
            <param index="0">
              <value>
                <![CDATA["User validate and retrieve the name and price of first three Bookshelves on the Booksheleves page"]]>
              </value>
            </param>
            <param index="1">
              <value>
                <![CDATA["End to End of UrbanLadder Automation"]]>
              </value>
            </param>
          </params>
          <reporter-output>
          </reporter-output>
        </test-method> <!-- runScenario -->
        <test-method is-config="true" signature="tearDown()[pri:0, instance:com.urbanLadder.testRunner.testNGRunner@20b2475a]" started-at="2024-02-29T14:54:29 IST" name="tearDown" finished-at="2024-02-29T14:54:31 IST" duration-ms="1184" status="PASS">
          <reporter-output>
          </reporter-output>
        </test-method> <!-- tearDown -->
        <test-method is-config="true" signature="setup(java.lang.String)[pri:0, instance:com.urbanLadder.testRunner.testNGRunner@20b2475a]" started-at="2024-02-29T14:54:31 IST" name="setup" finished-at="2024-02-29T14:54:35 IST" duration-ms="4731" status="PASS">
          <params>
            <param index="0">
              <value>
                <![CDATA[edge]]>
              </value>
            </param>
          </params>
          <reporter-output>
          </reporter-output>
        </test-method> <!-- setup -->
        <test-method signature="runScenario(io.cucumber.testng.PickleWrapper,io.cucumber.testng.FeatureWrapper)[pri:0, instance:com.urbanLadder.testRunner.testNGRunner@20b2475a]" started-at="2024-02-29T14:54:35 IST" name="runScenario" description="Runs Cucumber Scenarios" data-provider="scenarios" finished-at="2024-02-29T14:54:44 IST" duration-ms="8978" status="PASS">
          <params>
            <param index="0">
              <value>
                <![CDATA["User validate and retrieve the name and price of first three StudyChairs on StudyChairs page"]]>
              </value>
            </param>
            <param index="1">
              <value>
                <![CDATA["End to End of UrbanLadder Automation"]]>
              </value>
            </param>
          </params>
          <reporter-output>
          </reporter-output>
        </test-method> <!-- runScenario -->
        <test-method is-config="true" signature="tearDown()[pri:0, instance:com.urbanLadder.testRunner.testNGRunner@20b2475a]" started-at="2024-02-29T14:54:44 IST" name="tearDown" finished-at="2024-02-29T14:54:46 IST" duration-ms="1215" status="PASS">
          <reporter-output>
          </reporter-output>
        </test-method> <!-- tearDown -->
        <test-method is-config="true" signature="setup(java.lang.String)[pri:0, instance:com.urbanLadder.testRunner.testNGRunner@20b2475a]" started-at="2024-02-29T14:54:46 IST" name="setup" finished-at="2024-02-29T14:54:59 IST" duration-ms="13246" status="PASS">
          <params>
            <param index="0">
              <value>
                <![CDATA[edge]]>
              </value>
            </param>
          </params>
          <reporter-output>
          </reporter-output>
        </test-method> <!-- setup -->
        <test-method signature="runScenario(io.cucumber.testng.PickleWrapper,io.cucumber.testng.FeatureWrapper)[pri:0, instance:com.urbanLadder.testRunner.testNGRunner@20b2475a]" started-at="2024-02-29T14:54:59 IST" name="runScenario" description="Runs Cucumber Scenarios" data-provider="scenarios" finished-at="2024-02-29T14:55:01 IST" duration-ms="1918" status="PASS">
          <params>
            <param index="0">
              <value>
                <![CDATA["Display all items under any one of sub-menu items of Living menu item"]]>
              </value>
            </param>
            <param index="1">
              <value>
                <![CDATA["End to End of UrbanLadder Automation"]]>
              </value>
            </param>
          </params>
          <reporter-output>
          </reporter-output>
        </test-method> <!-- runScenario -->
        <test-method is-config="true" signature="tearDown()[pri:0, instance:com.urbanLadder.testRunner.testNGRunner@20b2475a]" started-at="2024-02-29T14:55:01 IST" name="tearDown" finished-at="2024-02-29T14:55:02 IST" duration-ms="1115" status="PASS">
          <reporter-output>
          </reporter-output>
        </test-method> <!-- tearDown -->
        <test-method is-config="true" signature="setup(java.lang.String)[pri:0, instance:com.urbanLadder.testRunner.testNGRunner@20b2475a]" started-at="2024-02-29T14:55:02 IST" name="setup" finished-at="2024-02-29T14:55:13 IST" duration-ms="11324" status="PASS">
          <params>
            <param index="0">
              <value>
                <![CDATA[edge]]>
              </value>
            </param>
          </params>
          <reporter-output>
          </reporter-output>
        </test-method> <!-- setup -->
        <test-method signature="runScenario(io.cucumber.testng.PickleWrapper,io.cucumber.testng.FeatureWrapper)[pri:0, instance:com.urbanLadder.testRunner.testNGRunner@20b2475a]" started-at="2024-02-29T14:55:13 IST" name="runScenario" description="Runs Cucumber Scenarios" data-provider="scenarios" finished-at="2024-02-29T14:55:15 IST" duration-ms="2026" status="PASS">
          <params>
            <param index="0">
              <value>
                <![CDATA["Display all items under any one of sub-menu items of Living menu item"]]>
              </value>
            </param>
            <param index="1">
              <value>
                <![CDATA["End to End of UrbanLadder Automation"]]>
              </value>
            </param>
          </params>
          <reporter-output>
          </reporter-output>
        </test-method> <!-- runScenario -->
        <test-method is-config="true" signature="tearDown()[pri:0, instance:com.urbanLadder.testRunner.testNGRunner@20b2475a]" started-at="2024-02-29T14:55:15 IST" name="tearDown" finished-at="2024-02-29T14:55:16 IST" duration-ms="1110" status="PASS">
          <reporter-output>
          </reporter-output>
        </test-method> <!-- tearDown -->
        <test-method is-config="true" signature="setup(java.lang.String)[pri:0, instance:com.urbanLadder.testRunner.testNGRunner@20b2475a]" started-at="2024-02-29T14:55:16 IST" name="setup" finished-at="2024-02-29T14:55:22 IST" duration-ms="5591" status="PASS">
          <params>
            <param index="0">
              <value>
                <![CDATA[edge]]>
              </value>
            </param>
          </params>
          <reporter-output>
          </reporter-output>
        </test-method> <!-- setup -->
        <test-method signature="runScenario(io.cucumber.testng.PickleWrapper,io.cucumber.testng.FeatureWrapper)[pri:0, instance:com.urbanLadder.testRunner.testNGRunner@20b2475a]" started-at="2024-02-29T14:55:22 IST" name="runScenario" description="Runs Cucumber Scenarios" data-provider="scenarios" finished-at="2024-02-29T14:55:36 IST" duration-ms="13942" status="PASS">
          <params>
            <param index="0">
              <value>
                <![CDATA["Gift Card validation"]]>
              </value>
            </param>
            <param index="1">
              <value>
                <![CDATA["End to End of UrbanLadder Automation"]]>
              </value>
            </param>
          </params>
          <reporter-output>
          </reporter-output>
        </test-method> <!-- runScenario -->
        <test-method is-config="true" signature="tearDown()[pri:0, instance:com.urbanLadder.testRunner.testNGRunner@20b2475a]" started-at="2024-02-29T14:55:36 IST" name="tearDown" finished-at="2024-02-29T14:55:37 IST" duration-ms="1230" status="PASS">
          <reporter-output>
          </reporter-output>
        </test-method> <!-- tearDown -->
        <test-method is-config="true" signature="setup(java.lang.String)[pri:0, instance:com.urbanLadder.testRunner.testNGRunner@20b2475a]" started-at="2024-02-29T14:55:37 IST" name="setup" finished-at="2024-02-29T14:55:44 IST" duration-ms="6931" status="PASS">
          <params>
            <param index="0">
              <value>
                <![CDATA[edge]]>
              </value>
            </param>
          </params>
          <reporter-output>
          </reporter-output>
        </test-method> <!-- setup -->
        <test-method signature="runScenario(io.cucumber.testng.PickleWrapper,io.cucumber.testng.FeatureWrapper)[pri:0, instance:com.urbanLadder.testRunner.testNGRunner@20b2475a]" started-at="2024-02-29T14:55:44 IST" name="runScenario" description="Runs Cucumber Scenarios" data-provider="scenarios" finished-at="2024-02-29T14:55:57 IST" duration-ms="13087" status="PASS">
          <params>
            <param index="0">
              <value>
                <![CDATA["Gift Card validation"]]>
              </value>
            </param>
            <param index="1">
              <value>
                <![CDATA["End to End of UrbanLadder Automation"]]>
              </value>
            </param>
          </params>
          <reporter-output>
          </reporter-output>
        </test-method> <!-- runScenario -->
        <test-method is-config="true" signature="tearDown()[pri:0, instance:com.urbanLadder.testRunner.testNGRunner@20b2475a]" started-at="2024-02-29T14:55:57 IST" name="tearDown" finished-at="2024-02-29T14:55:58 IST" duration-ms="1260" status="PASS">
          <reporter-output>
          </reporter-output>
        </test-method> <!-- tearDown -->
        <test-method is-config="true" signature="setup(java.lang.String)[pri:0, instance:com.urbanLadder.testRunner.testNGRunner@20b2475a]" started-at="2024-02-29T14:55:58 IST" name="setup" finished-at="2024-02-29T14:56:03 IST" duration-ms="5125" status="PASS">
          <params>
            <param index="0">
              <value>
                <![CDATA[edge]]>
              </value>
            </param>
          </params>
          <reporter-output>
          </reporter-output>
        </test-method> <!-- setup -->
        <test-method signature="runScenario(io.cucumber.testng.PickleWrapper,io.cucumber.testng.FeatureWrapper)[pri:0, instance:com.urbanLadder.testRunner.testNGRunner@20b2475a]" started-at="2024-02-29T14:56:03 IST" name="runScenario" description="Runs Cucumber Scenarios" data-provider="scenarios" finished-at="2024-02-29T14:56:15 IST" duration-ms="11995" status="PASS">
          <params>
            <param index="0">
              <value>
                <![CDATA["Gift Card validation"]]>
              </value>
            </param>
            <param index="1">
              <value>
                <![CDATA["End to End of UrbanLadder Automation"]]>
              </value>
            </param>
          </params>
          <reporter-output>
          </reporter-output>
        </test-method> <!-- runScenario -->
        <test-method is-config="true" signature="tearDown()[pri:0, instance:com.urbanLadder.testRunner.testNGRunner@20b2475a]" started-at="2024-02-29T14:56:15 IST" name="tearDown" finished-at="2024-02-29T14:56:17 IST" duration-ms="1291" status="PASS">
          <reporter-output>
          </reporter-output>
        </test-method> <!-- tearDown -->
        <test-method is-config="true" signature="tearDownClass()[pri:0, instance:com.urbanLadder.testRunner.testNGRunner@20b2475a]" started-at="2024-02-29T14:56:17 IST" name="tearDownClass" finished-at="2024-02-29T14:58:01 IST" duration-ms="104374" status="PASS">
          <reporter-output>
          </reporter-output>
        </test-method> <!-- tearDownClass -->
      </class> <!-- com.urbanLadder.testRunner.testNGRunner -->
    </test> <!-- Test2 -->
  </suite> <!-- Suite -->
</testng-results>
